<?xml version="1.0" encoding="UTF-8"?>
<!-- Generated by org.testng.reporters.JUnitReportReporter -->
<testsuite hostname="DESKTOP-7N9D6N5" failures="0" tests="1" name="dataDrivenTesting.Fbdemo" time="0.000" errors="0" timestamp="2023-03-12T19:49:57 IST" skipped="1">
  <testcase classname="dataDrivenTesting.Fbdemo" name="register" time="0.000">
    <skipped/>
  </testcase> <!-- register -->
  <system-out/>
</testsuite> <!-- dataDrivenTesting.Fbdemo -->
