<?xml version="1.0" encoding="UTF-8"?>
<!-- Generated by org.testng.reporters.JUnitReportReporter -->
<testsuite hostname="DESKTOP-7N9D6N5" failures="0" tests="1" name="parallelTesting.chromeDemo" time="14.750" errors="0" timestamp="2023-01-07T11:21:18 IST" skipped="0">
  <testcase classname="parallelTesting.chromeDemo" name="LoginWithChrome" time="14.750"/>
  <system-out/>
</testsuite> <!-- parallelTesting.chromeDemo -->
