<?xml version="1.0" encoding="UTF-8"?>
<!-- Generated by org.testng.reporters.JUnitReportReporter -->
<testsuite hostname="DESKTOP-7N9D6N5" failures="0" tests="2" name="tutorial3.demo2" time="0.031" errors="0" timestamp="2022-12-17T19:14:54 IST" skipped="0">
  <testcase classname="tutorial3.demo2" name="home" time="0.028"/>
  <system-out/>
  <testcase classname="tutorial3.demo2" name="login" time="0.003"/>
  <system-out/>
</testsuite> <!-- tutorial3.demo2 -->
