<?xml version="1.0" encoding="UTF-8"?>
<!-- Generated by org.testng.reporters.JUnitReportReporter -->
<testsuite hostname="DESKTOP-7N9D6N5" failures="0" tests="7" name="tutorial2.demo2" time="0.031" errors="0" timestamp="2022-12-17T18:39:30 IST" skipped="0">
  <testcase classname="tutorial2.demo2" name="up" time="0.020"/>
  <system-out/>
  <testcase classname="tutorial2.demo2" name="first" time="0.002"/>
  <system-out/>
  <testcase classname="tutorial2.demo2" name="abc" time="0.002"/>
  <system-out/>
  <testcase classname="tutorial2.demo2" name="pqr" time="0.002"/>
  <system-out/>
  <testcase classname="tutorial2.demo2" name="xyz" time="0.001"/>
  <system-out/>
  <testcase classname="tutorial2.demo2" name="last" time="0.002"/>
  <system-out/>
  <testcase classname="tutorial2.demo2" name="down" time="0.002"/>
  <system-out/>
</testsuite> <!-- tutorial2.demo2 -->
