<?xml version="1.0" encoding="UTF-8"?>
<!-- Generated by org.testng.reporters.JUnitReportReporter -->
<testsuite hostname="DESKTOP-7N9D6N5" failures="0" tests="2" name="parallelTesting.demo1" time="29.825" errors="0" timestamp="2023-01-07T11:29:53 IST" skipped="0">
  <testcase classname="parallelTesting.demo1" name="LoginWithChrome" time="15.355"/>
  <system-out/>
  <testcase classname="parallelTesting.demo1" name="LoginWithEdge" time="14.470"/>
  <system-out/>
</testsuite> <!-- parallelTesting.demo1 -->
