<?xml version="1.0" encoding="UTF-8"?>
<!-- Generated by org.testng.reporters.JUnitReportReporter -->
<testsuite hostname="DESKTOP-7N9D6N5" failures="0" tests="4" name="tutorial1.demo1" time="0.019" errors="0" timestamp="2022-12-10T20:56:48 IST" skipped="1">
  <testcase classname="tutorial1.demo1" name="opm" time="0.011"/>
  <system-out/>
  <testcase classname="tutorial1.demo1" name="xyz" time="0.006"/>
  <system-out/>
  <testcase classname="tutorial1.demo1" name="abc" time="0.002"/>
  <system-out/>
  <testcase classname="tutorial1.demo1" name="pqr">
    <skipped/>
  </testcase> <!-- pqr -->
  <system-out/>
</testsuite> <!-- tutorial1.demo1 -->
