<?xml version="1.0" encoding="UTF-8"?>
<!-- Generated by org.testng.reporters.JUnitReportReporter -->
<testsuite hostname="DESKTOP-7N9D6N5" failures="0" tests="2" name="tutorial2.demo1" time="0.015" errors="0" timestamp="2022-12-17T18:43:01 IST" skipped="0">
  <testcase classname="tutorial2.demo1" name="serach" time="0.002"/>
  <system-out/>
  <testcase classname="tutorial2.demo1" name="home" time="0.013"/>
  <system-out/>
</testsuite> <!-- tutorial2.demo1 -->
