<?xml version="1.0" encoding="UTF-8"?>
<!-- Generated by org.testng.reporters.JUnitReportReporter -->
<testsuite hostname="DESKTOP-7N9D6N5" failures="0" tests="10" name="parallelTesting.demo2" time="51.911" errors="0" timestamp="2023-01-14T17:00:29 IST" skipped="0">
  <testcase classname="parallelTesting.demo2" name="abc" time="13.473"/>
  <system-out/>
  <testcase classname="parallelTesting.demo2" name="abc" time="13.144"/>
  <system-out/>
  <testcase classname="parallelTesting.demo2" name="validateFunctionanlity" time="0.860"/>
  <system-out/>
  <testcase classname="parallelTesting.demo2" name="validateFunctionanlity" time="1.136"/>
  <system-out/>
  <testcase classname="parallelTesting.demo2" name="validateTitle" time="0.075"/>
  <system-out/>
  <testcase classname="parallelTesting.demo2" name="validateTitle" time="0.032"/>
  <system-out/>
  <testcase classname="parallelTesting.demo2" name="validateUrl" time="0.025"/>
  <system-out/>
  <testcase classname="parallelTesting.demo2" name="validateUrl" time="0.017"/>
  <system-out/>
  <testcase classname="parallelTesting.demo2" name="contactLink" time="8.494"/>
  <system-out/>
  <testcase classname="parallelTesting.demo2" name="contactLink" time="14.655"/>
  <system-out/>
</testsuite> <!-- parallelTesting.demo2 -->
