<?xml version="1.0" encoding="UTF-8"?>
<!-- Generated by org.testng.reporters.JUnitReportReporter -->
<testsuite hostname="DESKTOP-7N9D6N5" failures="0" tests="1" name="parallelTesting.edgeDemo" time="14.702" errors="0" timestamp="2023-01-07T11:21:18 IST" skipped="0">
  <testcase classname="parallelTesting.edgeDemo" name="LoginWithEdge" time="14.702"/>
  <system-out/>
</testsuite> <!-- parallelTesting.edgeDemo -->
