<?xml version="1.0" encoding="UTF-8"?>
<!-- Generated by org.testng.reporters.JUnitReportReporter -->
<testsuite hostname="DESKTOP-7N9D6N5" failures="0" tests="5" name="tutorial1.demo4" time="23.138" errors="0" timestamp="2022-12-10T20:24:57 IST" skipped="0">
  <testcase classname="tutorial1.demo4" name="setUp" time="3.374"/>
  <system-out/>
  <testcase classname="tutorial1.demo4" name="verifyTitle" time="0.038"/>
  <system-out/>
  <testcase classname="tutorial1.demo4" name="loginFunctionality" time="11.492"/>
  <system-out/>
  <testcase classname="tutorial1.demo4" name="LogoutFunctinality" time="7.734"/>
  <system-out/>
  <testcase classname="tutorial1.demo4" name="tearDown" time="0.500"/>
  <system-out/>
</testsuite> <!-- tutorial1.demo4 -->
