<?xml version="1.0" encoding="UTF-8"?>
<!-- Generated by org.testng.reporters.JUnitReportReporter -->
<testsuite hostname="DESKTOP-7N9D6N5" failures="0" tests="1" name="tutorial3.demo3" time="0.002" errors="0" timestamp="2022-12-17T19:14:54 IST" skipped="0">
  <testcase classname="tutorial3.demo3" name="login" time="0.002"/>
  <system-out/>
</testsuite> <!-- tutorial3.demo3 -->
