<?xml version="1.0" encoding="UTF-8"?>
<!-- Generated by org.testng.reporters.JUnitReportReporter -->
<testsuite hostname="DESKTOP-7N9D6N5" failures="0" tests="5" name="tutorial1.demo2" time="20.408" errors="0" timestamp="2022-11-19T16:42:00 IST" skipped="0">
  <testcase classname="tutorial1.demo2" name="setUp" time="5.917"/>
  <system-out/>
  <testcase classname="tutorial1.demo2" name="loginFunctionality" time="5.658"/>
  <system-out/>
  <testcase classname="tutorial1.demo2" name="verifyTitle" time="0.151"/>
  <system-out/>
  <testcase classname="tutorial1.demo2" name="LogoutFunctinality" time="8.228"/>
  <system-out/>
  <testcase classname="tutorial1.demo2" name="tearDown" time="0.454"/>
  <system-out/>
</testsuite> <!-- tutorial1.demo2 -->
