<?xml version="1.0" encoding="UTF-8"?>
<!-- Generated by org.testng.reporters.JUnitReportReporter -->
<testsuite hostname="DESKTOP-7N9D6N5" failures="0" tests="3" name="tutorial1.demo7" time="0.008" errors="0" timestamp="2022-12-10T20:56:48 IST" skipped="0">
  <testcase classname="tutorial1.demo7" name="vvv" time="0.003"/>
  <system-out/>
  <testcase classname="tutorial1.demo7" name="xxx" time="0.002"/>
  <system-out/>
  <testcase classname="tutorial1.demo7" name="ooo" time="0.003"/>
  <system-out/>
</testsuite> <!-- tutorial1.demo7 -->
