<?xml version="1.0" encoding="UTF-8"?>
<!-- Generated by org.testng.reporters.JUnitReportReporter -->
<testsuite hostname="DESKTOP-7N9D6N5" failures="0" tests="2" name="tutorial4.homePage" time="16.939" errors="0" timestamp="2022-12-18T12:25:56 IST" skipped="0">
  <testcase classname="tutorial4.homePage" name="serach" time="10.215"/>
  <system-out/>
  <testcase classname="tutorial4.homePage" name="nonVeg" time="6.724"/>
  <system-out/>
</testsuite> <!-- tutorial4.homePage -->
